<?xml version="1.0" encoding="UTF-8"?>
<!-- Generated by org.testng.reporters.JUnitReportReporter -->
<testsuite skipped="0" hostname="nitin" name="ParallelExecution.Parallel1" tests="2" failures="0" timestamp="29 Nov 2022 16:20:45 GMT" time="20.815" errors="0">
  <testcase name="test1" time="13.331" classname="ParallelExecution.Parallel1"/>
  <testcase name="test1" time="7.484" classname="ParallelExecution.Parallel1"/>
</testsuite> <!-- ParallelExecution.Parallel1 -->
