<?xml version="1.0" encoding="UTF-8"?>
<!-- Generated by org.testng.reporters.JUnitReportReporter -->
<testsuite skipped="0" hostname="nitin" name="ParallelExecution.Parallex" tests="1" failures="0" timestamp="29 Nov 2022 05:32:30 GMT" time="8.870" errors="0">
  <testcase name="test1" time="8.870" classname="ParallelExecution.Parallex"/>
</testsuite> <!-- ParallelExecution.Parallex -->
