<?xml version="1.0" encoding="UTF-8"?>
<!-- Generated by org.testng.reporters.JUnitReportReporter -->
<testsuite skipped="0" hostname="nitin" name="FirstTestNG1.Thirdtestcase" tests="1" failures="0" timestamp="20 Nov 2022 08:53:52 GMT" time="0.000" errors="0">
  <testcase name="test4" time="0.000" classname="FirstTestNG1.Thirdtestcase"/>
</testsuite> <!-- FirstTestNG1.Thirdtestcase -->
