<?xml version="1.0" encoding="UTF-8"?>
<!-- Generated by org.testng.reporters.JUnitReportReporter -->
<testsuite skipped="0" hostname="nitin" name="JDBC.JavaDataBaseConnectivity" tests="1" failures="0" timestamp="07 Dec 2022 12:05:17 GMT" time="1.465" errors="0">
  <testcase name="script" time="1.465" classname="JDBC.JavaDataBaseConnectivity"/>
</testsuite> <!-- JDBC.JavaDataBaseConnectivity -->
